<?xml version="1.0" encoding="UTF-8"?>
<testsuite xmlns:xsi="http://www.w3.org/2001/XMLSchema-instance" xsi:noNamespaceSchemaLocation="https://maven.apache.org/surefire/maven-surefire-plugin/xsd/surefire-test-report-3.0.xsd" version="3.0" name="SquareTest" time="0.002" tests="7" errors="0" skipped="0" failures="0">
  <properties>
[...]
</properties>
  <testcase name="testSetPieceToNull" classname="SquareTest" time="0.0">
    <system-out><![CDATA[Starting Square tests...
Test 1 setup complete - Square(3, 4) created
]]></system-out>
  </testcase>
  <testcase name="testSetPieceMultipleTimes" classname="SquareTest" time="0.0">
    <system-out><![CDATA[Test 2 setup complete - Square(3, 4) created
]]></system-out>
  </testcase>
  <testcase name="testGetFile" classname="SquareTest" time="0.0">
    <system-out><![CDATA[Test 3 setup complete - Square(3, 4) created
]]></system-out>
  </testcase>
  <testcase name="testGetRank" classname="SquareTest" time="0.0">
    <system-out><![CDATA[Test 4 setup complete - Square(3, 4) created
]]></system-out>
  </testcase>
  <testcase name="testSetPieceAndGetPiece" classname="SquareTest" time="0.0">
    <system-out><![CDATA[Test 5 setup complete - Square(3, 4) created
]]></system-out>
  </testcase>
  <testcase name="testSquareConstructor" classname="SquareTest" time="0.0">
    <system-out><![CDATA[Test 6 setup complete - Square(3, 4) created
]]></system-out>
  </testcase>
  <testcase name="testGetPieceInitiallyNull" classname="SquareTest" time="0.0">
    <system-out><![CDATA[Test 7 setup complete - Square(3, 4) created
]]></system-out>
  </testcase>
</testsuite>